Arguments: 
  /usr/local/bin/node /usr/local/bin/yarn install

PATH: 
  /Users/liyao/google-cloud-sdk/bin:/usr/local/opt/mysql-client/bin:/Users/liyao/bin:/usr/local/bin:/Users/liyao/Library/Python/2.7/bin:/usr/local/bin:/usr/bin:/bin:/usr/sbin:/sbin:/Applications/VMware Fusion.app/Contents/Public:/usr/local/go/bin:/Users/liyao/.cargo/bin:/Users/liyao/.fig/bin:/Users/liyao/.linkerd2/bin:/usr/local/Cellar/musl-cross/0.9.9_1/bin:/Users/liyao/mworks/apache-maven-3.8.4/bin

Yarn version: 
  1.22.18

Node version: 
  14.17.0

Platform: 
  darwin x64

Trace: 
  Error: https://registry.npm.taobao.org/@docusaurus%2fcore: tunneling socket could not be established, cause=connect EHOSTUNREACH 0.0.18.172:80 - Local (192.168.3.175:57308)
      at ClientRequest.onError (/usr/local/lib/node_modules/yarn/lib/cli.js:152369:17)
      at Object.onceWrapper (events.js:483:26)
      at ClientRequest.emit (events.js:376:20)
      at Socket.socketErrorListener (_http_client.js:475:9)
      at Socket.emit (events.js:376:20)
      at emitErrorNT (internal/streams/destroy.js:106:8)
      at emitErrorCloseNT (internal/streams/destroy.js:74:3)
      at processTicksAndRejections (internal/process/task_queues.js:82:21)

npm manifest: 
  {
    "name": "pisanix",
    "version": "0.0.0",
    "private": true,
    "scripts": {
      "docusaurus": "docusaurus",
      "start": "docusaurus start",
      "build": "docusaurus build",
      "swizzle": "docusaurus swizzle",
      "deploy": "docusaurus deploy",
      "clear": "docusaurus clear",
      "serve": "docusaurus serve",
      "write-translations": "docusaurus write-translations",
      "write-heading-ids": "docusaurus write-heading-ids"
    },
    "dependencies": {
      "@docusaurus/core": "2.0.0-beta.18",
      "@docusaurus/preset-classic": "2.0.0-beta.18",
      "@mdx-js/react": "^1.6.22",
      "clsx": "^1.1.1",
      "prism-react-renderer": "^1.3.1",
      "react": "^17.0.2",
      "react-dom": "^17.0.2",
      "react-github-btn": "^1.2.1"
    },
    "browserslist": {
      "production": [
        ">0.5%",
        "not dead",
        "not op_mini all"
      ],
      "development": [
        "last 1 chrome version",
        "last 1 firefox version",
        "last 1 safari version"
      ]
    }
  }

yarn manifest: 
  No manifest

Lockfile: 
  No lockfile
